Added Component: Designator=BT1(BAT-2)
Added Component: Designator=C1(1608[0603])
Added Component: Designator=C2(1608[0603])
Added Component: Designator=C3(CAPAE9983X105M)
Added Component: Designator=C4(CAPAE9983X105M)
Added Component: Designator=D1(LED0603)
Added Component: Designator=D2(LED0603)
Added Component: Designator=P1(HDR1X3)
Added Component: Designator=P2(HDR1X3)
Added Component: Designator=P3(HDR1X3)
Added Component: Designator=P6(USB Micro B Connector)
Added Component: Designator=R1(1608[0603])
Added Component: Designator=R2(1608[0603])
Added Component: Designator=R3(1608[0603])
Added Component: Designator=R4(1608[0603])
Added Component: Designator=R5(1608[0603])
Added Component: Designator=R6(1608[0603])
Added Component: Designator=S1(Slide Switch 2.54mm)
Added Component: Designator=U1(SOT-23-OT5_N)
Added Component: Designator=U2(32A_N)
Added Component: Designator=U3(32A_N)
Added Pin To Net: NetName=+5V Pin=C1-2
Added Pin To Net: NetName=+5V Pin=D1-1
Added Pin To Net: NetName=+5V Pin=P6-VBUS
Added Pin To Net: NetName=+5V Pin=U1-4
Added Net: Name=+5V
Added Pin To Net: NetName=3.7V Pin=C3-2
Added Pin To Net: NetName=3.7V Pin=C4-2
Added Pin To Net: NetName=3.7V Pin=D2-1
Added Pin To Net: NetName=3.7V Pin=P1-1
Added Pin To Net: NetName=3.7V Pin=P2-1
Added Pin To Net: NetName=3.7V Pin=P3-1
Added Pin To Net: NetName=3.7V Pin=R6-1
Added Pin To Net: NetName=3.7V Pin=S1-2
Added Pin To Net: NetName=3.7V Pin=U2-4
Added Pin To Net: NetName=3.7V Pin=U2-6
Added Pin To Net: NetName=3.7V Pin=U2-18
Added Pin To Net: NetName=3.7V Pin=U3-4
Added Pin To Net: NetName=3.7V Pin=U3-6
Added Pin To Net: NetName=3.7V Pin=U3-18
Added Net: Name=3.7V
Added Pin To Net: NetName=BUTTON 1 Pin=U3-23
Added Net: Name=BUTTON 1
Added Pin To Net: NetName=BUTTON 2 Pin=U3-24
Added Net: Name=BUTTON 2
Added Pin To Net: NetName=DATA 0 Pin=U2-12
Added Pin To Net: NetName=DATA 0 Pin=U3-30
Added Net: Name=DATA 0
Added Pin To Net: NetName=DATA 1 Pin=U2-13
Added Pin To Net: NetName=DATA 1 Pin=U3-31
Added Net: Name=DATA 1
Added Pin To Net: NetName=DATA 2 Pin=U2-14
Added Pin To Net: NetName=DATA 2 Pin=U3-32
Added Net: Name=DATA 2
Added Pin To Net: NetName=DATA 3 Pin=U2-15
Added Pin To Net: NetName=DATA 3 Pin=U3-1
Added Net: Name=DATA 3
Added Pin To Net: NetName=DATA 4 Pin=U2-16
Added Pin To Net: NetName=DATA 4 Pin=U3-2
Added Net: Name=DATA 4
Added Pin To Net: NetName=DATA 5 Pin=U2-17
Added Pin To Net: NetName=DATA 5 Pin=U3-9
Added Net: Name=DATA 5
Added Pin To Net: NetName=DATA 6 Pin=U2-7
Added Pin To Net: NetName=DATA 6 Pin=U3-10
Added Net: Name=DATA 6
Added Pin To Net: NetName=DATA 7 Pin=U2-8
Added Pin To Net: NetName=DATA 7 Pin=U3-11
Added Net: Name=DATA 7
Added Pin To Net: NetName=GND Pin=BT1-2
Added Pin To Net: NetName=GND Pin=C1-1
Added Pin To Net: NetName=GND Pin=C2-1
Added Pin To Net: NetName=GND Pin=C3-1
Added Pin To Net: NetName=GND Pin=C4-1
Added Pin To Net: NetName=GND Pin=P1-2
Added Pin To Net: NetName=GND Pin=P2-3
Added Pin To Net: NetName=GND Pin=P3-3
Added Pin To Net: NetName=GND Pin=P6-GND
Added Pin To Net: NetName=GND Pin=R1-1
Added Pin To Net: NetName=GND Pin=R3-1
Added Pin To Net: NetName=GND Pin=U1-2
Added Pin To Net: NetName=GND Pin=U2-3
Added Pin To Net: NetName=GND Pin=U2-5
Added Pin To Net: NetName=GND Pin=U2-20
Added Pin To Net: NetName=GND Pin=U2-21
Added Pin To Net: NetName=GND Pin=U3-3
Added Pin To Net: NetName=GND Pin=U3-5
Added Pin To Net: NetName=GND Pin=U3-20
Added Pin To Net: NetName=GND Pin=U3-21
Added Net: Name=GND
Added Pin To Net: NetName=HALL EFFECT Pin=P1-3
Added Net: Name=HALL EFFECT
Added Pin To Net: NetName=MISO2 Pin=U3-16
Added Net: Name=MISO2
Added Pin To Net: NetName=MOSI2 Pin=R4-1
Added Pin To Net: NetName=MOSI2 Pin=R5-1
Added Pin To Net: NetName=MOSI2 Pin=U3-15
Added Net: Name=MOSI2
Added Pin To Net: NetName=NetD1_2 Pin=D1-2
Added Pin To Net: NetName=NetD1_2 Pin=R2-2
Added Net: Name=NetD1_2
Added Pin To Net: NetName=NetD2_2 Pin=D2-2
Added Pin To Net: NetName=NetD2_2 Pin=R3-2
Added Net: Name=NetD2_2
Added Pin To Net: NetName=NetP2_2 Pin=P2-2
Added Pin To Net: NetName=NetP2_2 Pin=R4-2
Added Net: Name=NetP2_2
Added Pin To Net: NetName=NetP3_2 Pin=P3-2
Added Pin To Net: NetName=NetP3_2 Pin=R5-2
Added Net: Name=NetP3_2
Added Pin To Net: NetName=NetR1_2 Pin=R1-2
Added Pin To Net: NetName=NetR1_2 Pin=U1-5
Added Net: Name=NetR1_2
Added Pin To Net: NetName=NetR2_1 Pin=R2-1
Added Pin To Net: NetName=NetR2_1 Pin=U1-1
Added Net: Name=NetR2_1
Added Pin To Net: NetName=RESET Pin=R6-2
Added Pin To Net: NetName=RESET Pin=U2-29
Added Pin To Net: NetName=RESET Pin=U3-29
Added Net: Name=RESET
Added Pin To Net: NetName=SCK2 Pin=U3-17
Added Net: Name=SCK2
Added Pin To Net: NetName=VBAT Pin=BT1-1
Added Pin To Net: NetName=VBAT Pin=C2-2
Added Pin To Net: NetName=VBAT Pin=S1-1
Added Pin To Net: NetName=VBAT Pin=U1-3
Added Net: Name=VBAT
Added Class: Name=Sheet1
Added Room: Name=Sheet1
